[2022-08-24 22:46:18.051] [renderer1] [error] Cannot read properties of undefined (reading 'length'): TypeError: Cannot read properties of undefined (reading 'length')
    at r.next (vscode-file://vscode-app/usr/share/code/resources/app/out/vs/workbench/workbench.desktop.main.js:83:75152)
    at reset (vscode-file://vscode-app/usr/share/code/resources/app/out/vs/workbench/workbench.desktop.main.js:83:75038)
    at s._delete (vscode-file://vscode-app/usr/share/code/resources/app/out/vs/workbench/workbench.desktop.main.js:83:80570)
    at s._delete (vscode-file://vscode-app/usr/share/code/resources/app/out/vs/workbench/workbench.desktop.main.js:83:80959)
    at s.delete (vscode-file://vscode-app/usr/share/code/resources/app/out/vs/workbench/workbench.desktop.main.js:83:80480)
    at vscode-file://vscode-app/usr/share/code/resources/app/out/vs/workbench/workbench.desktop.main.js:597:61578
    at S.invoke (vscode-file://vscode-app/usr/share/code/resources/app/out/vs/workbench/workbench.desktop.main.js:82:145)
    at s.deliver (vscode-file://vscode-app/usr/share/code/resources/app/out/vs/workbench/workbench.desktop.main.js:82:2266)
    at l.fire (vscode-file://vscode-app/usr/share/code/resources/app/out/vs/workbench/workbench.desktop.main.js:82:1844)
    at L.triggerConfigurationChange (vscode-file://vscode-app/usr/share/code/resources/app/out/vs/workbench/workbench.desktop.main.js:2692:38692)
    at L.onLocalUserConfigurationChanged (vscode-file://vscode-app/usr/share/code/resources/app/out/vs/workbench/workbench.desktop.main.js:2692:31451)
    at L.reloadLocalUserConfiguration (vscode-file://vscode-app/usr/share/code/resources/app/out/vs/workbench/workbench.desktop.main.js:2692:27096)
    at async L.writeConfigurationValue (vscode-file://vscode-app/usr/share/code/resources/app/out/vs/workbench/workbench.desktop.main.js:2692:37796)
    at async Promise.all (index 0)
    at async Object.J [as settled] (vscode-file://vscode-app/usr/share/code/resources/app/out/vs/workbench/workbench.desktop.main.js:86:22728)
    at async L.updateValue (vscode-file://vscode-app/usr/share/code/resources/app/out/vs/workbench/workbench.desktop.main.js:2692:20720)
    at async H.setColorTheme (vscode-file://vscode-app/usr/share/code/resources/app/out/vs/workbench/workbench.desktop.main.js:2278:21383)
[2022-08-24 22:46:55.593] [renderer1] [error] ENOENT: no such file or directory, open '/home/adam/.config/Code/User/globalStorage/vscodevim.vim/.registers': Error: ENOENT: no such file or directory, open '/home/adam/.config/Code/User/globalStorage/vscodevim.vim/.registers'
[2022-08-24 22:50:16.170] [renderer1] [error] Module 'pip' not installed.: Error: Module 'pip' not installed.
    at s.execModule (/home/adam/.vscode/extensions/ms-toolsai.jupyter-2022.7.1102252217/out/extension.node.js:7:78769)
    at processTicksAndRejections (node:internal/process/task_queues:96:5)
    at r.getPackageInformation (/home/adam/.vscode/extensions/ms-toolsai.jupyter-2022.7.1102252217/out/extension.node.js:17:38908)
